Build started 01.10.2018 10:18:39.
     1>Project "C:\tmp\SidorovaAlexandra\mp1-practice\sidorova_ak\Practice\Practice0\Practice0.vcxproj" on node 2 (build target(s)).
     1>PrepareForBuild:
         Creating directory "C:\tmp\SidorovaAlexandra\mp1-practice\sidorova_ak\Practice\Debug\".
       InitializeBuildStatus:
         Creating "Debug\Practice0.unsuccessfulbuild" because "AlwaysCreate" was specified.
       ClCompile:
         C:\Program Files (x86)\Microsoft Visual Studio 10.0\VC\bin\CL.exe /c /ZI /nologo /W3 /WX- /Od /Oy- /D WIN32 /D _DEBUG /D _CONSOLE /D _UNICODE /D UNICODE /Gm /EHsc /RTC1 /MDd /GS /fp:precise /Zc:wchar_t /Zc:forScope /Fo"Debug\\" /Fd"Debug\vc100.pdb" /Gd /TC /analyze- /errorReport:prompt main.c
         main.c
     1>c:\tmp\sidorovaalexandra\mp1-practice\sidorova_ak\practice\practice0\main.c(11): warning C4996: 'scanf': This function or variable may be unsafe. Consider using scanf_s instead. To disable deprecation, use _CRT_SECURE_NO_WARNINGS. See online help for details.
                 c:\program files (x86)\microsoft visual studio 10.0\vc\include\stdio.h(304) : see declaration of 'scanf'
     1>c:\tmp\sidorovaalexandra\mp1-practice\sidorova_ak\practice\practice0\main.c(13): warning C4996: 'scanf': This function or variable may be unsafe. Consider using scanf_s instead. To disable deprecation, use _CRT_SECURE_NO_WARNINGS. See online help for details.
                 c:\program files (x86)\microsoft visual studio 10.0\vc\include\stdio.h(304) : see declaration of 'scanf'
     1>c:\tmp\sidorovaalexandra\mp1-practice\sidorova_ak\practice\practice0\main.c(24): warning C4566: character represented by universal-character-name '\u00F7' cannot be represented in the current code page (1251)
       ManifestResourceCompile:
         C:\Program Files (x86)\Microsoft SDKs\Windows\v7.0A\bin\rc.exe /nologo /fo"Debug\Practice0.exe.embed.manifest.res" Debug\Practice0_manifest.rc 
       Link:
         C:\Program Files (x86)\Microsoft Visual Studio 10.0\VC\bin\link.exe /ERRORREPORT:PROMPT /OUT:"C:\tmp\SidorovaAlexandra\mp1-practice\sidorova_ak\Practice\Debug\Practice0.exe" /INCREMENTAL /NOLOGO kernel32.lib user32.lib gdi32.lib winspool.lib comdlg32.lib advapi32.lib shell32.lib ole32.lib oleaut32.lib uuid.lib odbc32.lib odbccp32.lib /MANIFEST /ManifestFile:"Debug\Practice0.exe.intermediate.manifest" /MANIFESTUAC:"level='asInvoker' uiAccess='false'" /DEBUG /PDB:"C:\tmp\SidorovaAlexandra\mp1-practice\sidorova_ak\Practice\Debug\Practice0.pdb" /SUBSYSTEM:CONSOLE /TLBID:1 /DYNAMICBASE /NXCOMPAT /IMPLIB:"C:\tmp\SidorovaAlexandra\mp1-practice\sidorova_ak\Practice\Debug\Practice0.lib" /MACHINE:X86 Debug\Practice0.exe.embed.manifest.res
         Debug\main.obj
       Manifest:
         C:\Program Files (x86)\Microsoft SDKs\Windows\v7.0A\bin\mt.exe /nologo /verbose /out:"Debug\Practice0.exe.embed.manifest" /manifest Debug\Practice0.exe.intermediate.manifest
         C:\Program Files (x86)\Microsoft SDKs\Windows\v7.0A\bin\rc.exe /nologo /fo"Debug\Practice0.exe.embed.manifest.res" Debug\Practice0_manifest.rc 
       LinkEmbedManifest:
         C:\Program Files (x86)\Microsoft Visual Studio 10.0\VC\bin\link.exe /ERRORREPORT:PROMPT /OUT:"C:\tmp\SidorovaAlexandra\mp1-practice\sidorova_ak\Practice\Debug\Practice0.exe" /INCREMENTAL /NOLOGO kernel32.lib user32.lib gdi32.lib winspool.lib comdlg32.lib advapi32.lib shell32.lib ole32.lib oleaut32.lib uuid.lib odbc32.lib odbccp32.lib /MANIFEST /ManifestFile:"Debug\Practice0.exe.intermediate.manifest" /MANIFESTUAC:"level='asInvoker' uiAccess='false'" /DEBUG /PDB:"C:\tmp\SidorovaAlexandra\mp1-practice\sidorova_ak\Practice\Debug\Practice0.pdb" /SUBSYSTEM:CONSOLE /TLBID:1 /DYNAMICBASE /NXCOMPAT /IMPLIB:"C:\tmp\SidorovaAlexandra\mp1-practice\sidorova_ak\Practice\Debug\Practice0.lib" /MACHINE:X86 Debug\Practice0.exe.embed.manifest.res
         Debug\main.obj
         Practice0.vcxproj -> C:\tmp\SidorovaAlexandra\mp1-practice\sidorova_ak\Practice\Debug\Practice0.exe
       FinalizeBuildStatus:
         Deleting file "Debug\Practice0.unsuccessfulbuild".
         Touching "Debug\Practice0.lastbuildstate".
     1>Done Building Project "C:\tmp\SidorovaAlexandra\mp1-practice\sidorova_ak\Practice\Practice0\Practice0.vcxproj" (build target(s)).

Build succeeded.

Time Elapsed 00:00:03.68
